2025-02-25 11:07:39,248 - INFO - Starting scraping cycle...
2025-02-25 11:07:39,250 - INFO - Scraping category: /category/phones-tablets-5261
2025-02-25 11:07:39,252 - INFO - Scraping page 1: https://www.konga.com/category/phones-tablets-5261?page=1
2025-02-25 11:07:42,220 - INFO - Debug HTML saved to category_page_1.html
2025-02-25 11:07:42,475 - INFO - No products found on page 1 or reached the end of the category.
2025-02-25 11:07:47,832 - INFO - Scraping category: /category/computers-accessories-5210
2025-02-25 11:07:47,835 - INFO - Scraping page 1: https://www.konga.com/category/computers-accessories-5210?page=1
2025-02-25 11:07:51,346 - INFO - Debug HTML saved to category_page_1.html
2025-02-25 11:07:51,485 - INFO - No products found on page 1 or reached the end of the category.
2025-02-25 11:07:57,549 - INFO - Data saved to konga_products.json
2025-02-25 11:07:57,552 - INFO - Scraping cycle completed
2025-02-25 11:07:57,650 - INFO - Sleeping for 281.60 seconds until next update
2025-02-25 11:12:39,251 - INFO - Starting scraping cycle...
2025-02-25 11:12:39,256 - INFO - Scraping category: /category/phones-tablets-5261
2025-02-25 11:12:39,257 - INFO - Scraping page 1: https://www.konga.com/category/phones-tablets-5261?page=1
2025-02-25 11:12:41,589 - INFO - Debug HTML saved to category_page_1.html
2025-02-25 11:12:41,648 - INFO - No products found on page 1 or reached the end of the category.
2025-02-25 11:12:49,520 - INFO - Scraping category: /category/computers-accessories-5210
2025-02-25 11:12:49,522 - INFO - Scraping page 1: https://www.konga.com/category/computers-accessories-5210?page=1
2025-02-25 11:12:52,745 - INFO - Debug HTML saved to category_page_1.html
2025-02-25 11:12:52,803 - INFO - No products found on page 1 or reached the end of the category.
2025-02-25 11:13:02,825 - INFO - Data saved to konga_products.json
2025-02-25 11:13:02,845 - INFO - Scraping cycle completed
2025-02-25 11:13:02,952 - INFO - Sleeping for 276.30 seconds until next update
2025-02-25 11:13:54,411 - INFO - Scraping interrupted by user
2025-02-25 11:13:54,415 - INFO - Data saved to konga_products.json
